# JRE version: OpenJDK Runtime Environment (8.0_212-b04) (build 1.8.0_212-release-1586-b04)
# Java VM: OpenJDK 64-Bit Server VM (25.212-b04 mixed mode windows-amd64 compressed oops)
Heap:
 PSYoungGen      total 42496K, used 6627K [0x00000000e0000000, 0x00000000e3980000, 0x0000000100000000)
  eden space 37888K, 10% used [0x00000000e0000000,0x00000000e03d8198,0x00000000e2500000)
  from space 4608K, 58% used [0x00000000e2500000,0x00000000e27a0ba0,0x00000000e2980000)
  to   space 4608K, 0% used [0x00000000e3500000,0x00000000e3500000,0x00000000e3980000)
 ParOldGen       total 27648K, used 13481K [0x00000000a0000000, 0x00000000a1b00000, 0x00000000e0000000)
  object space 27648K, 48% used [0x00000000a0000000,0x00000000a0d2a480,0x00000000a1b00000)
 Metaspace       used 34618K, capacity 35418K, committed 35456K, reserved 1079296K
  class space    used 4737K, capacity 4958K, committed 4992K, reserved 1048576K
GC Heap History (10 events):
Event: 36.609 GC heap before
{Heap before GC invocations=16 (full 1):
 PSYoungGen      total 29184K, used 27458K [0x00000000e0000000, 0x00000000e2280000, 0x0000000100000000)
  eden space 24064K, 100% used [0x00000000e0000000,0x00000000e1780000,0x00000000e1780000)
  from space 5120K, 66% used [0x00000000e1d80000,0x00000000e20d0b88,0x00000000e2280000)
  to   space 5632K, 0% used [0x00000000e1780000,0x00000000e1780000,0x00000000e1d00000)
 ParOldGen       total 27648K, used 7913K [0x00000000a0000000, 0x00000000a1b00000, 0x00000000e0000000)
  object space 27648K, 28% used [0x00000000a0000000,0x00000000a07ba6f0,0x00000000a1b00000)
 Metaspace       used 26855K, capacity 27444K, committed 27648K, reserved 1073152K
  class space    used 3628K, capacity 3811K, committed 3840K, reserved 1048576K
Event: 36.624 GC heap after
Heap after GC invocations=16 (full 1):
 PSYoungGen      total 29696K, used 2239K [0x00000000e0000000, 0x00000000e2e80000, 0x0000000100000000)
  eden space 24064K, 0% used [0x00000000e0000000,0x00000000e0000000,0x00000000e1780000)
  from space 5632K, 39% used [0x00000000e1780000,0x00000000e19afc20,0x00000000e1d00000)
  to   space 5120K, 0% used [0x00000000e2980000,0x00000000e2980000,0x00000000e2e80000)
 ParOldGen       total 27648K, used 9759K [0x00000000a0000000, 0x00000000a1b00000, 0x00000000e0000000)
  object space 27648K, 35% used [0x00000000a0000000,0x00000000a0987cf0,0x00000000a1b00000)
 Metaspace       used 26855K, capacity 27444K, committed 27648K, reserved 1073152K
  class space    used 3628K, capacity 3811K, committed 3840K, reserved 1048576K
}
Event: 38.840 GC heap before
{Heap before GC invocations=17 (full 1):
 PSYoungGen      total 29696K, used 26197K [0x00000000e0000000, 0x00000000e2e80000, 0x0000000100000000)
  eden space 24064K, 99% used [0x00000000e0000000,0x00000000e17659a8,0x00000000e1780000)
  from space 5632K, 39% used [0x00000000e1780000,0x00000000e19afc20,0x00000000e1d00000)
  to   space 5120K, 0% used [0x00000000e2980000,0x00000000e2980000,0x00000000e2e80000)
 ParOldGen       total 27648K, used 9759K [0x00000000a0000000, 0x00000000a1b00000, 0x00000000e0000000)
  object space 27648K, 35% used [0x00000000a0000000,0x00000000a0987cf0,0x00000000a1b00000)
 Metaspace       used 28655K, capacity 29260K, committed 29568K, reserved 1075200K
  class space    used 3917K, capacity 4135K, committed 4224K, reserved 1048576K
Event: 38.865 GC heap after
Heap after GC invocations=17 (full 1):
 PSYoungGen      total 41472K, used 2454K [0x00000000e0000000, 0x00000000e2e00000, 0x0000000100000000)
  eden space 36864K, 0% used [0x00000000e0000000,0x00000000e0000000,0x00000000e2400000)
  from space 4608K, 53% used [0x00000000e2980000,0x00000000e2be5b40,0x00000000e2e00000)
  to   space 5120K, 0% used [0x00000000e2400000,0x00000000e2400000,0x00000000e2900000)
 ParOldGen       total 27648K, used 10763K [0x00000000a0000000, 0x00000000a1b00000, 0x00000000e0000000)
  object space 27648K, 38% used [0x00000000a0000000,0x00000000a0a82d00,0x00000000a1b00000)
 Metaspace       used 28655K, capacity 29260K, committed 29568K, reserved 1075200K
  class space    used 3917K, capacity 4135K, committed 4224K, reserved 1048576K
}
Event: 40.846 GC heap before
{Heap before GC invocations=18 (full 1):
 PSYoungGen      total 41472K, used 39318K [0x00000000e0000000, 0x00000000e2e00000, 0x0000000100000000)
  eden space 36864K, 100% used [0x00000000e0000000,0x00000000e2400000,0x00000000e2400000)
  from space 4608K, 53% used [0x00000000e2980000,0x00000000e2be5b40,0x00000000e2e00000)
  to   space 5120K, 0% used [0x00000000e2400000,0x00000000e2400000,0x00000000e2900000)
 ParOldGen       total 27648K, used 10763K [0x00000000a0000000, 0x00000000a1b00000, 0x00000000e0000000)
  object space 27648K, 38% used [0x00000000a0000000,0x00000000a0a82d00,0x00000000a1b00000)
 Metaspace       used 30643K, capacity 31248K, committed 31616K, reserved 1077248K
  class space    used 4157K, capacity 4371K, committed 4480K, reserved 1048576K
Event: 40.864 GC heap after
Heap after GC invocations=18 (full 1):
 PSYoungGen      total 41984K, used 2856K [0x00000000e0000000, 0x00000000e2e00000, 0x0000000100000000)
  eden space 36864K, 0% used [0x00000000e0000000,0x00000000e0000000,0x00000000e2400000)
  from space 5120K, 55% used [0x00000000e2400000,0x00000000e26ca360,0x00000000e2900000)
  to   space 4608K, 0% used [0x00000000e2980000,0x00000000e2980000,0x00000000e2e00000)
 ParOldGen       total 27648K, used 11363K [0x00000000a0000000, 0x00000000a1b00000, 0x00000000e0000000)
  object space 27648K, 41% used [0x00000000a0000000,0x00000000a0b18d10,0x00000000a1b00000)
 Metaspace       used 30643K, capacity 31248K, committed 31616K, reserved 1077248K
  class space    used 4157K, capacity 4371K, committed 4480K, reserved 1048576K
}
Event: 43.106 GC heap before
{Heap before GC invocations=19 (full 1):
 PSYoungGen      total 41984K, used 39720K [0x00000000e0000000, 0x00000000e2e00000, 0x0000000100000000)
  eden space 36864K, 100% used [0x00000000e0000000,0x00000000e2400000,0x00000000e2400000)
  from space 5120K, 55% used [0x00000000e2400000,0x00000000e26ca360,0x00000000e2900000)
  to   space 4608K, 0% used [0x00000000e2980000,0x00000000e2980000,0x00000000e2e00000)
 ParOldGen       total 27648K, used 11363K [0x00000000a0000000, 0x00000000a1b00000, 0x00000000e0000000)
  object space 27648K, 41% used [0x00000000a0000000,0x00000000a0b18d10,0x00000000a1b00000)
 Metaspace       used 32570K, capacity 33232K, committed 33408K, reserved 1077248K
  class space    used 4468K, capacity 4691K, committed 4736K, reserved 1048576K
Event: 43.122 GC heap after
Heap after GC invocations=19 (full 1):
 PSYoungGen      total 42496K, used 2879K [0x00000000e0000000, 0x00000000e3880000, 0x0000000100000000)
  eden space 37888K, 0% used [0x00000000e0000000,0x00000000e0000000,0x00000000e2500000)
  from space 4608K, 62% used [0x00000000e2980000,0x00000000e2c4fce0,0x00000000e2e00000)
  to   space 4608K, 0% used [0x00000000e2500000,0x00000000e2500000,0x00000000e2980000)
 ParOldGen       total 27648K, used 12645K [0x00000000a0000000, 0x00000000a1b00000, 0x00000000e0000000)
  object space 27648K, 45% used [0x00000000a0000000,0x00000000a0c59740,0x00000000a1b00000)
 Metaspace       used 32570K, capacity 33232K, committed 33408K, reserved 1077248K
  class space    used 4468K, capacity 4691K, committed 4736K, reserved 1048576K
}
Event: 48.990 GC heap before
{Heap before GC invocations=20 (full 1):
 PSYoungGen      total 42496K, used 40767K [0x00000000e0000000, 0x00000000e3880000, 0x0000000100000000)
  eden space 37888K, 100% used [0x00000000e0000000,0x00000000e2500000,0x00000000e2500000)
  from space 4608K, 62% used [0x00000000e2980000,0x00000000e2c4fce0,0x00000000e2e00000)
  to   space 4608K, 0% used [0x00000000e2500000,0x00000000e2500000,0x00000000e2980000)
 ParOldGen       total 27648K, used 12645K [0x00000000a0000000, 0x00000000a1b00000, 0x00000000e0000000)
  object space 27648K, 45% used [0x00000000a0000000,0x00000000a0c59740,0x00000000a1b00000)
 Metaspace       used 34532K, capacity 35342K, committed 35456K, reserved 1079296K
  class space    used 4728K, capacity 4954K, committed 4992K, reserved 1048576K
Event: 49.006 GC heap after
Heap after GC invocations=20 (full 1):
 PSYoungGen      total 42496K, used 2690K [0x00000000e0000000, 0x00000000e3980000, 0x0000000100000000)
  eden space 37888K, 0% used [0x00000000e0000000,0x00000000e0000000,0x00000000e2500000)
  from space 4608K, 58% used [0x00000000e2500000,0x00000000e27a0ba0,0x00000000e2980000)
  to   space 4608K, 0% used [0x00000000e3500000,0x00000000e3500000,0x00000000e3980000)
 ParOldGen       total 27648K, used 13481K [0x00000000a0000000, 0x00000000a1b00000, 0x00000000e0000000)
  object space 27648K, 48% used [0x00000000a0000000,0x00000000a0d2a480,0x00000000a1b00000)
 Metaspace       used 34532K, capacity 35342K, committed 35456K, reserved 1079296K
  class space    used 4728K, capacity 4954K, committed 4992K, reserved 1048576K
}

